<?xml version="1.0" encoding="UTF-8"?>
<!-- Generated by org.testng.reporters.JUnitXMLReporter -->
<testsuite hostname="CSPABOUSSELHAMI" ignored="14" name="chromeTest" tests="1" failures="0" timestamp="26 mars 2018 10:45:38 GMT" time="31.075" errors="0">
  <testcase name="Test_SC_Boutique" time="24.75" classname="test.sctest.AppTest"/>
  <testcase name="Test_SC_GuideTV" time="0.0" classname="test.sctest.AppTest">
    <ignored/>
  </testcase> <!-- Test_SC_GuideTV -->
  <testcase name="Test_SC_ChaineTV" time="0.0" classname="test.sctest.AppTest">
    <ignored/>
  </testcase> <!-- Test_SC_ChaineTV -->
  <testcase name="Test_SC_Renseignement" time="0.0" classname="test.sctest.AppTest">
    <ignored/>
  </testcase> <!-- Test_SC_Renseignement -->
  <testcase name="Test_SC_Music" time="0.0" classname="test.sctest.AppTest">
    <ignored/>
  </testcase> <!-- Test_SC_Music -->
  <testcase name="Test_SC_Sport" time="0.0" classname="test.sctest.AppTest">
    <ignored/>
  </testcase> <!-- Test_SC_Sport -->
  <testcase name="Test_SC_VOD" time="0.0" classname="test.sctest.AppTest">
    <ignored/>
  </testcase> <!-- Test_SC_VOD -->
  <testcase name="Test_SC_Club" time="0.0" classname="test.sctest.AppTest">
    <ignored/>
  </testcase> <!-- Test_SC_Club -->
  <testcase name="Test_SC_Sport_Tt_Res" time="0.0" classname="test.sctest.AppTest">
    <ignored/>
  </testcase> <!-- Test_SC_Sport_Tt_Res -->
  <testcase name="Test_SC_Jeux" time="0.0" classname="test.sctest.AppTest">
    <ignored/>
  </testcase> <!-- Test_SC_Jeux -->
  <testcase name="Test_SC_Film" time="0.0" classname="test.sctest.AppTest">
    <ignored/>
  </testcase> <!-- Test_SC_Film -->
  <testcase name="Test_SC_Album" time="0.0" classname="test.sctest.AppTest">
    <ignored/>
  </testcase> <!-- Test_SC_Album -->
  <testcase name="Test_SC_Meteo" time="0.0" classname="test.sctest.AppTest">
    <ignored/>
  </testcase> <!-- Test_SC_Meteo -->
  <testcase name="Test_SC_Tendance" time="0.0" classname="test.sctest.AppTest">
    <ignored/>
  </testcase> <!-- Test_SC_Tendance -->
  <testcase name="Test_SC_Top14" time="0.0" classname="test.sctest.AppTest">
    <ignored/>
  </testcase> <!-- Test_SC_Top14 -->
</testsuite> <!-- chromeTest -->
