<?xml version="1.0" encoding="UTF-8"?>
<testng-results skipped="0" failed="0" ignored="14" total="15" passed="1">
  <reporter-output>
  </reporter-output>
  <suite name="Suite" duration-ms="34293" started-at="2018-03-26T11:06:34Z" finished-at="2018-03-26T11:07:08Z">
    <groups>
    </groups>
    <test name="Test" duration-ms="34293" started-at="2018-03-26T11:06:34Z" finished-at="2018-03-26T11:07:08Z">
      <class name="test.sctest.AppTest">
        <test-method status="PASS" signature="beforeMethod()[pri:0, instance:test.sctest.AppTest@a74868d]" name="beforeMethod" is-config="true" duration-ms="3996" started-at="2018-03-26T11:06:34Z" finished-at="2018-03-26T11:06:38Z">
          <reporter-output>
          </reporter-output>
        </test-method> <!-- beforeMethod -->
        <test-method status="PASS" signature="Test_SC_Boutique()[pri:0, instance:test.sctest.AppTest@a74868d]" name="Test_SC_Boutique" duration-ms="30125" started-at="2018-03-26T11:06:38Z" finished-at="2018-03-26T11:07:08Z">
          <reporter-output>
          </reporter-output>
        </test-method> <!-- Test_SC_Boutique -->
        <test-method status="PASS" signature="afterMethod()[pri:0, instance:test.sctest.AppTest@a74868d]" name="afterMethod" is-config="true" duration-ms="150" started-at="2018-03-26T11:07:08Z" finished-at="2018-03-26T11:07:08Z">
          <reporter-output>
          </reporter-output>
        </test-method> <!-- afterMethod -->
      </class> <!-- test.sctest.AppTest -->
    </test> <!-- Test -->
  </suite> <!-- Suite -->
</testng-results>
